{"level":"info","message":"⌛ Validating ext002.wlk","timeElapsed":361,"timestamp":"2025-12-12T21:05:16.414Z"}
{"level":"info","message":"⌛ Validating ext002.wlk","timeElapsed":409,"timestamp":"2025-12-12T21:05:16.845Z"}
{"level":"info","message":"⌛ Building environment","timeElapsed":834,"timestamp":"2025-12-12T21:05:17.717Z"}
{"level":"info","message":"⌛ Validating ext002.wlk","timeElapsed":537,"timestamp":"2025-12-12T21:05:18.267Z"}
{"level":"info","message":"⌛ Validating ext002.wlk","timeElapsed":425,"timestamp":"2025-12-12T21:05:18.709Z"}
{"level":"info","message":"⌛ Validating ext002.wlk","timeElapsed":405,"timestamp":"2025-12-12T21:05:19.125Z"}
{"level":"info","message":"⌛ Building environment","timeElapsed":226,"timestamp":"2025-12-12T21:05:19.367Z"}
{"level":"info","message":"⌛ Validating ext002.wlk","timeElapsed":466,"timestamp":"2025-12-12T21:05:19.853Z"}
{"level":"info","message":"⌛ Validating ext002.wlk","timeElapsed":362,"timestamp":"2025-12-12T21:05:20.218Z"}
{"level":"info","message":"⌛ Building environment","timeElapsed":241,"timestamp":"2025-12-12T21:05:20.467Z"}
{"level":"info","message":"⌛ Validating ext002.wlk","timeElapsed":479,"timestamp":"2025-12-12T21:05:20.992Z"}
{"level":"info","message":"⌛ Building environment","timeElapsed":604,"timestamp":"2025-12-12T21:05:21.619Z"}
{"level":"info","message":"⌛ Validating ext002.wlk","timeElapsed":668,"timestamp":"2025-12-12T21:05:22.331Z"}
{"level":"info","message":"⌛ Validating ext002.wlk","timeElapsed":480,"timestamp":"2025-12-12T21:05:22.812Z"}
{"level":"info","message":"⌛ Building environment","timeElapsed":230,"timestamp":"2025-12-12T21:05:23.056Z"}
{"level":"info","message":"⌛ Building environment","timeElapsed":245,"timestamp":"2025-12-12T21:05:23.313Z"}
{"level":"info","message":"⌛ Building environment","timeElapsed":329,"timestamp":"2025-12-12T21:05:23.655Z"}
{"level":"info","message":"⌛ Building environment","timeElapsed":313,"timestamp":"2025-12-12T21:05:23.994Z"}
{"level":"info","message":"⌛ Building environment","timeElapsed":427,"timestamp":"2025-12-12T21:05:24.491Z"}
{"level":"info","message":"⌛ Building environment","timeElapsed":567,"timestamp":"2025-12-12T21:05:25.062Z"}
{"level":"info","message":"⌛ Building environment","timeElapsed":376,"timestamp":"2025-12-12T21:05:25.443Z"}
{"level":"info","message":"⌛ Building environment","timeElapsed":232,"timestamp":"2025-12-12T21:05:25.678Z"}
{"level":"info","message":"⌛ Building environment","timeElapsed":870,"timestamp":"2025-12-12T21:05:26.648Z"}
{"level":"info","message":"⌛ Validating ext002.wlk","timeElapsed":467,"timestamp":"2025-12-12T21:05:27.143Z"}
{"level":"info","message":"⌛ Building environment","timeElapsed":208,"timestamp":"2025-12-12T21:05:27.352Z"}
{"level":"info","message":"⌛ Building environment","timeElapsed":293,"timestamp":"2025-12-12T21:05:27.649Z"}
{"level":"info","message":"⌛ Building environment","timeElapsed":358,"timestamp":"2025-12-12T21:05:28.010Z"}
{"level":"info","message":"⌛ Building environment","timeElapsed":231,"timestamp":"2025-12-12T21:05:28.312Z"}
{"level":"info","message":"⌛ Building environment","timeElapsed":191,"timestamp":"2025-12-12T21:05:28.560Z"}
{"level":"info","message":"⌛ Building environment","timeElapsed":188,"timestamp":"2025-12-12T21:05:28.807Z"}
{"level":"info","message":"⌛ Building environment","timeElapsed":180,"timestamp":"2025-12-12T21:05:29.042Z"}
{"level":"info","message":"⌛ Building environment","timeElapsed":206,"timestamp":"2025-12-12T21:05:29.304Z"}
{"level":"info","message":"⌛ Building environment","timeElapsed":425,"timestamp":"2025-12-12T21:05:29.806Z"}
{"level":"info","message":"⌛ Building environment","timeElapsed":384,"timestamp":"2025-12-12T21:05:30.390Z"}
{"level":"info","message":"⌛ Building environment","timeElapsed":210,"timestamp":"2025-12-12T21:05:30.658Z"}
{"level":"info","message":"⌛ Building environment","timeElapsed":374,"timestamp":"2025-12-12T21:05:31.097Z"}
{"level":"info","message":"⌛ Validating ext002.wlk","timeElapsed":432,"timestamp":"2025-12-12T21:05:31.590Z"}
{"level":"info","message":"⌛ Building environment","timeElapsed":544,"timestamp":"2025-12-12T21:05:32.136Z"}
{"level":"info","message":"⌛ Building environment","timeElapsed":250,"timestamp":"2025-12-12T21:05:32.389Z"}
{"level":"info","message":"⌛ Building environment","timeElapsed":283,"timestamp":"2025-12-12T21:05:32.675Z"}
{"level":"info","message":"⌛ Building environment","timeElapsed":270,"timestamp":"2025-12-12T21:05:32.963Z"}
{"level":"info","message":"⌛ Building environment","timeElapsed":182,"timestamp":"2025-12-12T21:05:33.147Z"}
{"level":"info","message":"⌛ Building environment","timeElapsed":179,"timestamp":"2025-12-12T21:05:33.389Z"}
{"level":"info","message":"⌛ Validating ext002.wlk","timeElapsed":1103,"timestamp":"2025-12-12T21:05:34.499Z"}
{"level":"info","message":"⌛ Building environment","timeElapsed":272,"timestamp":"2025-12-12T21:05:34.773Z"}
{"level":"info","message":"⌛ Building environment","timeElapsed":324,"timestamp":"2025-12-12T21:05:35.100Z"}
{"level":"error","message":"✘ Failed to rebuild document Failed to parse ext002.wlk: \n-- PARSING FAILED --------------------------------------------------\n\n  60 | class Guerrero inherits Personaje {\n  61 |     override method\n> 62 | }\n     | ^\n  63 | \n  64 | class Mago inherits Personaje {\n\nExpected one of the following: \n\n'!=', '!==', '%', '&&', '*', '**', '+', '-', '->', '..', '..<', '/', '<', '<<', '<<<', '<=', '<=>', '<>', '==', '===', '>', '>..', '>=', '>>', '>>>', '?:', 'and', 'invert', 'negate', 'or', 'plus', '||', identifier, whitespace\n","stack":"Error: Failed to parse ext002.wlk: \n-- PARSING FAILED --------------------------------------------------\n\n  60 | class Guerrero inherits Personaje {\n  61 |     override method\n> 62 | }\n     | ^\n  63 | \n  64 | class Mago inherits Personaje {\n\nExpected one of the following: \n\n'!=', '!==', '%', '&&', '*', '**', '+', '-', '->', '..', '..<', '/', '<', '<<', '<<<', '<=', '<=>', '<>', '==', '===', '>', '>..', '>=', '>>', '>>>', '?:', 'and', 'invert', 'negate', 'or', 'plus', '||', identifier, whitespace\n\n    at /home/lucasggp/.vscode/extensions/uqbar.wollok-lsp-ide-0.5.3/out/server/src/server.js:2348:13026\n    at Array.map (<anonymous>)\n    at W1n (/home/lucasggp/.vscode/extensions/uqbar.wollok-lsp-ide-0.5.3/out/server/src/server.js:2348:12950)\n    at U2.buildEnvironmentFrom (/home/lucasggp/.vscode/extensions/uqbar.wollok-lsp-ide-0.5.3/out/server/src/server.js:2393:5254)\n    at U2.updateEnvironmentWith (/home/lucasggp/.vscode/extensions/uqbar.wollok-lsp-ide-0.5.3/out/server/src/server.js:2393:4989)\n    at JF (/home/lucasggp/.vscode/extensions/uqbar.wollok-lsp-ide-0.5.3/out/server/src/server.js:2393:7383)\n    at F3.invoke (/home/lucasggp/.vscode/extensions/uqbar.wollok-lsp-ide-0.5.3/out/server/src/server.js:3:157334)\n    at o.fire (/home/lucasggp/.vscode/extensions/uqbar.wollok-lsp-ide-0.5.3/out/server/src/server.js:3:158104)\n    at /home/lucasggp/.vscode/extensions/uqbar.wollok-lsp-ide-0.5.3/out/server/src/server.js:37:57871\n    at Zr (/home/lucasggp/.vscode/extensions/uqbar.wollok-lsp-ide-0.5.3/out/server/src/server.js:8:1561)","timestamp":"2025-12-12T21:05:35.127Z"}
{"level":"error","message":"✘ Failed to rebuild document Failed to parse ext002.wlk: \n-- PARSING FAILED --------------------------------------------------\n\n  60 | class Guerrero inherits Personaje {\n  61 |     override method \n> 62 | }\n     | ^\n  63 | \n  64 | class Mago inherits Personaje {\n\nExpected one of the following: \n\n'!=', '!==', '%', '&&', '*', '**', '+', '-', '->', '..', '..<', '/', '<', '<<', '<<<', '<=', '<=>', '<>', '==', '===', '>', '>..', '>=', '>>', '>>>', '?:', 'and', 'invert', 'negate', 'or', 'plus', '||', identifier, whitespace\n","stack":"Error: Failed to parse ext002.wlk: \n-- PARSING FAILED --------------------------------------------------\n\n  60 | class Guerrero inherits Personaje {\n  61 |     override method \n> 62 | }\n     | ^\n  63 | \n  64 | class Mago inherits Personaje {\n\nExpected one of the following: \n\n'!=', '!==', '%', '&&', '*', '**', '+', '-', '->', '..', '..<', '/', '<', '<<', '<<<', '<=', '<=>', '<>', '==', '===', '>', '>..', '>=', '>>', '>>>', '?:', 'and', 'invert', 'negate', 'or', 'plus', '||', identifier, whitespace\n\n    at /home/lucasggp/.vscode/extensions/uqbar.wollok-lsp-ide-0.5.3/out/server/src/server.js:2348:13026\n    at Array.map (<anonymous>)\n    at W1n (/home/lucasggp/.vscode/extensions/uqbar.wollok-lsp-ide-0.5.3/out/server/src/server.js:2348:12950)\n    at U2.buildEnvironmentFrom (/home/lucasggp/.vscode/extensions/uqbar.wollok-lsp-ide-0.5.3/out/server/src/server.js:2393:5254)\n    at U2.updateEnvironmentWith (/home/lucasggp/.vscode/extensions/uqbar.wollok-lsp-ide-0.5.3/out/server/src/server.js:2393:4989)\n    at JF (/home/lucasggp/.vscode/extensions/uqbar.wollok-lsp-ide-0.5.3/out/server/src/server.js:2393:7383)\n    at F3.invoke (/home/lucasggp/.vscode/extensions/uqbar.wollok-lsp-ide-0.5.3/out/server/src/server.js:3:157334)\n    at o.fire (/home/lucasggp/.vscode/extensions/uqbar.wollok-lsp-ide-0.5.3/out/server/src/server.js:3:158104)\n    at /home/lucasggp/.vscode/extensions/uqbar.wollok-lsp-ide-0.5.3/out/server/src/server.js:37:57871\n    at Zr (/home/lucasggp/.vscode/extensions/uqbar.wollok-lsp-ide-0.5.3/out/server/src/server.js:8:1561)","timestamp":"2025-12-12T21:05:35.151Z"}
{"level":"info","message":"⌛ Building environment","timeElapsed":304,"timestamp":"2025-12-12T21:05:35.459Z"}
{"level":"info","message":"⌛ Building environment","timeElapsed":302,"timestamp":"2025-12-12T21:05:35.765Z"}
{"level":"info","message":"⌛ Building environment","timeElapsed":278,"timestamp":"2025-12-12T21:05:36.047Z"}
{"level":"info","message":"⌛ Building environment","timeElapsed":191,"timestamp":"2025-12-12T21:05:36.306Z"}
{"level":"info","message":"⌛ Building environment","timeElapsed":214,"timestamp":"2025-12-12T21:05:36.585Z"}
{"level":"info","message":"⌛ Building environment","timeElapsed":216,"timestamp":"2025-12-12T21:05:36.863Z"}
{"level":"info","message":"⌛ Validating ext002.wlk","timeElapsed":369,"timestamp":"2025-12-12T21:05:37.295Z"}
{"level":"info","message":"⌛ Building environment","timeElapsed":237,"timestamp":"2025-12-12T21:05:37.558Z"}
{"level":"info","message":"⌛ Building environment","timeElapsed":577,"timestamp":"2025-12-12T21:05:38.136Z"}
{"level":"info","message":"⌛ Building environment","timeElapsed":260,"timestamp":"2025-12-12T21:05:38.398Z"}
{"level":"info","message":"⌛ Validating ext002.wlk","timeElapsed":400,"timestamp":"2025-12-12T21:05:38.817Z"}
{"level":"info","message":"⌛ Validating ext002.wlk","timeElapsed":347,"timestamp":"2025-12-12T21:05:39.171Z"}
{"level":"info","message":"⌛ Building environment","timeElapsed":187,"timestamp":"2025-12-12T21:05:39.370Z"}
{"level":"info","message":"⌛ Building environment","timeElapsed":910,"timestamp":"2025-12-12T21:05:40.282Z"}
{"level":"info","message":"⌛ Validating ext002.wlk","timeElapsed":392,"timestamp":"2025-12-12T21:05:40.675Z"}
{"level":"info","message":"⌛ Building environment","timeElapsed":261,"timestamp":"2025-12-12T21:05:40.937Z"}
{"level":"info","message":"⌛ Validating ext002.wlk","timeElapsed":365,"timestamp":"2025-12-12T21:05:41.323Z"}
{"level":"info","message":"⌛ Validating ext002.wlk","timeElapsed":343,"timestamp":"2025-12-12T21:05:41.675Z"}
{"level":"info","message":"⌛ Building environment","timeElapsed":204,"timestamp":"2025-12-12T21:05:41.880Z"}
{"level":"info","message":"⌛ Validating ext002.wlk","timeElapsed":389,"timestamp":"2025-12-12T21:05:42.269Z"}
{"level":"info","message":"⌛ Building environment","timeElapsed":232,"timestamp":"2025-12-12T21:05:42.513Z"}
{"level":"info","message":"⌛ Building environment","timeElapsed":222,"timestamp":"2025-12-12T21:05:42.769Z"}
{"level":"info","message":"⌛ Validating ext002.wlk","timeElapsed":371,"timestamp":"2025-12-12T21:05:43.197Z"}
{"level":"info","message":"⌛ Validating ext002.wlk","timeElapsed":355,"timestamp":"2025-12-12T21:05:43.553Z"}
{"level":"info","message":"⌛ Validating ext002.wlk","timeElapsed":380,"timestamp":"2025-12-12T21:05:43.945Z"}
{"level":"info","message":"⌛ Validating ext002.wlk","timeElapsed":334,"timestamp":"2025-12-12T21:05:44.280Z"}
{"level":"info","message":"⌛ Validating ext002.wlk","timeElapsed":352,"timestamp":"2025-12-12T21:05:44.632Z"}
{"level":"info","message":"⌛ Validating ext002.wlk","timeElapsed":497,"timestamp":"2025-12-12T21:05:45.130Z"}
{"level":"info","message":"⌛ Validating ext002.wlk","timeElapsed":412,"timestamp":"2025-12-12T21:05:45.560Z"}
{"level":"info","message":"⌛ Validating ext002.wlk","timeElapsed":345,"timestamp":"2025-12-12T21:05:45.905Z"}
{"level":"info","message":"⌛ Validating ext002.wlk","timeElapsed":354,"timestamp":"2025-12-12T21:05:46.261Z"}
{"level":"info","message":"⌛ Validating ext002.wlk","timeElapsed":328,"timestamp":"2025-12-12T21:05:46.598Z"}
{"level":"info","message":"⌛ Building environment","timeElapsed":210,"timestamp":"2025-12-12T21:05:46.809Z"}
{"level":"info","message":"⌛ Building environment","timeElapsed":227,"timestamp":"2025-12-12T21:05:47.114Z"}
{"level":"info","message":"⌛ Building environment","timeElapsed":240,"timestamp":"2025-12-12T21:05:47.356Z"}
{"level":"info","message":"⌛ Validating ext002.wlk","timeElapsed":364,"timestamp":"2025-12-12T21:05:47.723Z"}
{"level":"info","message":"⌛ Building environment","timeElapsed":182,"timestamp":"2025-12-12T21:05:47.905Z"}
{"level":"info","message":"⌛ Building environment","timeElapsed":226,"timestamp":"2025-12-12T21:05:48.131Z"}
{"level":"info","message":"⌛ Building environment","timeElapsed":274,"timestamp":"2025-12-12T21:05:48.407Z"}
{"level":"info","message":"⌛ Building environment","timeElapsed":2056,"timestamp":"2025-12-12T21:05:50.477Z"}
{"level":"info","message":"⌛ Validating ext002.wlk","timeElapsed":464,"timestamp":"2025-12-12T21:05:50.947Z"}
{"level":"info","message":"⌛ Validating ext002.wlk","timeElapsed":353,"timestamp":"2025-12-12T21:05:51.313Z"}
{"level":"info","message":"⌛ Building environment","timeElapsed":202,"timestamp":"2025-12-12T21:05:51.524Z"}
{"level":"info","message":"⌛ Validating ext002.wlk","timeElapsed":394,"timestamp":"2025-12-12T21:05:51.920Z"}
{"level":"info","message":"⌛ Building environment","timeElapsed":214,"timestamp":"2025-12-12T21:05:52.134Z"}
{"level":"info","message":"⌛ Building environment","timeElapsed":247,"timestamp":"2025-12-12T21:05:52.384Z"}
{"level":"info","message":"⌛ Building environment","timeElapsed":204,"timestamp":"2025-12-12T21:05:52.589Z"}
{"level":"info","message":"⌛ Building environment","timeElapsed":195,"timestamp":"2025-12-12T21:05:52.843Z"}
{"level":"info","message":"⌛ Validating ext002.wlk","timeElapsed":351,"timestamp":"2025-12-12T21:05:53.250Z"}
{"level":"info","message":"⌛ Building environment","timeElapsed":197,"timestamp":"2025-12-12T21:05:53.448Z"}
{"level":"info","message":"⌛ Building environment","timeElapsed":239,"timestamp":"2025-12-12T21:05:53.688Z"}
{"level":"info","message":"⌛ Building environment","timeElapsed":278,"timestamp":"2025-12-12T21:05:53.969Z"}
{"level":"info","message":"⌛ Building environment","timeElapsed":260,"timestamp":"2025-12-12T21:05:54.230Z"}
{"level":"info","message":"⌛ Validating ext002.wlk","timeElapsed":343,"timestamp":"2025-12-12T21:05:54.594Z"}
{"level":"info","message":"⌛ Validating ext002.wlk","timeElapsed":345,"timestamp":"2025-12-12T21:05:54.951Z"}
{"level":"info","message":"⌛ Building environment","timeElapsed":222,"timestamp":"2025-12-12T21:05:55.174Z"}
{"level":"info","message":"⌛ Building environment","timeElapsed":282,"timestamp":"2025-12-12T21:05:55.459Z"}
{"level":"info","message":"⌛ Validating ext002.wlk","timeElapsed":358,"timestamp":"2025-12-12T21:05:55.819Z"}
{"level":"info","message":"⌛ Validating ext002.wlk","timeElapsed":354,"timestamp":"2025-12-12T21:05:56.181Z"}
{"level":"info","message":"⌛ Validating ext002.wlk","timeElapsed":366,"timestamp":"2025-12-12T21:05:56.559Z"}
{"level":"info","message":"⌛ Validating ext002.wlk","timeElapsed":359,"timestamp":"2025-12-12T21:05:56.919Z"}
{"level":"info","message":"⌛ Validating ext002.wlk","timeElapsed":331,"timestamp":"2025-12-12T21:05:57.261Z"}
{"level":"info","message":"⌛ Validating ext002.wlk","timeElapsed":369,"timestamp":"2025-12-12T21:05:57.631Z"}
{"level":"info","message":"⌛ Validating ext002.wlk","timeElapsed":335,"timestamp":"2025-12-12T21:05:57.966Z"}
{"level":"info","message":"⌛ Validating ext002.wlk","timeElapsed":357,"timestamp":"2025-12-12T21:05:58.331Z"}
{"level":"info","message":"⌛ Validating ext002.wlk","timeElapsed":355,"timestamp":"2025-12-12T21:05:58.687Z"}
{"level":"info","message":"⌛ Validating ext002.wlk","timeElapsed":339,"timestamp":"2025-12-12T21:05:59.027Z"}
{"level":"info","message":"⌛ Validating ext002.wlk","timeElapsed":333,"timestamp":"2025-12-12T21:05:59.367Z"}
{"level":"info","message":"⌛ Validating ext002.wlk","timeElapsed":336,"timestamp":"2025-12-12T21:05:59.703Z"}
{"level":"info","message":"⌛ Validating ext002.wlk","timeElapsed":346,"timestamp":"2025-12-12T21:06:00.050Z"}
{"level":"info","message":"⌛ Building environment","timeElapsed":211,"timestamp":"2025-12-12T21:06:00.271Z"}
{"level":"info","message":"⌛ Validating ext002.wlk","timeElapsed":337,"timestamp":"2025-12-12T21:06:00.655Z"}
{"level":"info","message":"⌛ Validating ext002.wlk","timeElapsed":329,"timestamp":"2025-12-12T21:06:00.985Z"}
{"level":"info","message":"⌛ Building environment","timeElapsed":219,"timestamp":"2025-12-12T21:06:01.206Z"}
{"level":"info","message":"⌛ Building environment","timeElapsed":228,"timestamp":"2025-12-12T21:06:01.456Z"}
{"level":"info","message":"⌛ Validating ext002.wlk","timeElapsed":352,"timestamp":"2025-12-12T21:06:01.896Z"}
{"level":"info","message":"⌛ Validating ext002.wlk","timeElapsed":333,"timestamp":"2025-12-12T21:06:02.253Z"}
{"level":"info","message":"⌛ Validating ext002.wlk","timeElapsed":327,"timestamp":"2025-12-12T21:06:02.595Z"}
{"level":"info","message":"⌛ Validating ext002.wlk","timeElapsed":333,"timestamp":"2025-12-12T21:06:02.934Z"}
{"level":"info","message":"⌛ Building environment","timeElapsed":271,"timestamp":"2025-12-12T21:06:03.212Z"}
{"level":"info","message":"⌛ Validating ext002.wlk","timeElapsed":342,"timestamp":"2025-12-12T21:06:03.570Z"}
{"level":"info","message":"⌛ Building environment","timeElapsed":209,"timestamp":"2025-12-12T21:06:03.791Z"}
{"level":"info","message":"⌛ Validating ext002.wlk","timeElapsed":385,"timestamp":"2025-12-12T21:06:04.178Z"}
{"level":"info","message":"⌛ Building environment","timeElapsed":223,"timestamp":"2025-12-12T21:06:04.433Z"}
{"level":"info","message":"⌛ Validating ext002.wlk","timeElapsed":366,"timestamp":"2025-12-12T21:06:04.909Z"}
{"level":"info","message":"⌛ Validating ext002.wlk","timeElapsed":395,"timestamp":"2025-12-12T21:06:05.324Z"}
{"level":"info","message":"⌛ Validating ext002.wlk","timeElapsed":427,"timestamp":"2025-12-12T21:06:05.752Z"}
{"level":"info","message":"⌛ Validating ext002.wlk","timeElapsed":1427,"timestamp":"2025-12-12T21:06:07.191Z"}
{"level":"info","message":"⌛ Validating ext002.wlk","timeElapsed":505,"timestamp":"2025-12-12T21:06:07.708Z"}
{"level":"info","message":"⌛ Validating ext002.wlk","timeElapsed":355,"timestamp":"2025-12-12T21:06:08.065Z"}
{"level":"info","message":"⌛ Validating ext002.wlk","timeElapsed":406,"timestamp":"2025-12-12T21:06:08.473Z"}
{"level":"info","message":"⌛ Validating ext002.wlk","timeElapsed":354,"timestamp":"2025-12-12T21:06:08.833Z"}
{"level":"info","message":"⌛ Validating ext002.wlk","timeElapsed":334,"timestamp":"2025-12-12T21:06:09.174Z"}
{"level":"info","message":"⌛ Validating ext002.wlk","timeElapsed":372,"timestamp":"2025-12-12T21:06:09.561Z"}
{"level":"info","message":"⌛ Validating ext002.wlk","timeElapsed":406,"timestamp":"2025-12-12T21:06:09.968Z"}
{"level":"info","message":"⌛ Validating ext002.wlk","timeElapsed":361,"timestamp":"2025-12-12T21:06:10.330Z"}
{"level":"info","message":"⌛ Validating ext002.wlk","timeElapsed":339,"timestamp":"2025-12-12T21:06:10.680Z"}
{"level":"info","message":"⌛ Validating ext002.wlk","timeElapsed":382,"timestamp":"2025-12-12T21:06:11.068Z"}
{"level":"info","message":"⌛ Validating ext002.wlk","timeElapsed":471,"timestamp":"2025-12-12T21:06:11.539Z"}
{"level":"info","message":"⌛ Validating ext002.wlk","timeElapsed":342,"timestamp":"2025-12-12T21:06:11.892Z"}
{"level":"info","message":"⌛ Validating ext002.wlk","timeElapsed":343,"timestamp":"2025-12-12T21:06:12.241Z"}
{"level":"info","message":"⌛ Validating ext002.wlk","timeElapsed":335,"timestamp":"2025-12-12T21:06:12.635Z"}
{"level":"info","message":"⌛ Validating ext002.wlk","timeElapsed":510,"timestamp":"2025-12-12T21:06:13.468Z"}
{"level":"info","message":"⌛ Validating ext002.wlk","timeElapsed":356,"timestamp":"2025-12-12T21:06:13.839Z"}
{"level":"info","message":"⌛ Validating ext002.wlk","timeElapsed":329,"timestamp":"2025-12-12T21:06:14.182Z"}
{"level":"info","message":"⌛ Validating ext002.wlk","timeElapsed":345,"timestamp":"2025-12-12T21:06:14.613Z"}
{"level":"info","message":"⌛ Validating ext002.wlk","timeElapsed":375,"timestamp":"2025-12-12T21:06:14.996Z"}
{"level":"info","message":"⌛ Building environment","timeElapsed":652,"timestamp":"2025-12-12T21:06:15.651Z"}
{"level":"info","message":"⌛ Validating ext002.wlk","timeElapsed":497,"timestamp":"2025-12-12T21:06:16.150Z"}
{"level":"info","message":"⌛ Building environment","timeElapsed":282,"timestamp":"2025-12-12T21:06:16.435Z"}
{"level":"info","message":"⌛ Building environment","timeElapsed":224,"timestamp":"2025-12-12T21:06:16.857Z"}
{"level":"info","message":"⌛ Building environment","timeElapsed":174,"timestamp":"2025-12-12T21:06:17.033Z"}
{"level":"info","message":"⌛ Building environment","timeElapsed":172,"timestamp":"2025-12-12T21:06:17.249Z"}
{"level":"info","message":"⌛ Building environment","timeElapsed":167,"timestamp":"2025-12-12T21:06:17.457Z"}
{"level":"info","message":"⌛ Building environment","timeElapsed":166,"timestamp":"2025-12-12T21:06:17.665Z"}
{"level":"info","message":"⌛ Building environment","timeElapsed":180,"timestamp":"2025-12-12T21:06:17.887Z"}
{"level":"info","message":"⌛ Building environment","timeElapsed":175,"timestamp":"2025-12-12T21:06:18.102Z"}
{"level":"info","message":"⌛ Building environment","timeElapsed":169,"timestamp":"2025-12-12T21:06:18.313Z"}
{"level":"info","message":"⌛ Building environment","timeElapsed":366,"timestamp":"2025-12-12T21:06:18.779Z"}
{"level":"info","message":"⌛ Building environment","timeElapsed":251,"timestamp":"2025-12-12T21:06:19.108Z"}
{"level":"info","message":"⌛ Building environment","timeElapsed":211,"timestamp":"2025-12-12T21:06:19.378Z"}
{"level":"info","message":"⌛ Building environment","timeElapsed":299,"timestamp":"2025-12-12T21:06:19.742Z"}
{"level":"info","message":"⌛ Building environment","timeElapsed":1538,"timestamp":"2025-12-12T21:06:21.310Z"}
{"level":"error","message":"✘ Failed to rebuild document Failed to parse ext002.wlk: \n-- PARSING FAILED --------------------------------------------------\n\n  66 | class Mago inherits Personaje {\n  67 |     override method\n> 68 | }\n     | ^\n  69 | \n  70 | class Arquero inherits Personaje {\n\nExpected one of the following: \n\n'!=', '!==', '%', '&&', '*', '**', '+', '-', '->', '..', '..<', '/', '<', '<<', '<<<', '<=', '<=>', '<>', '==', '===', '>', '>..', '>=', '>>', '>>>', '?:', 'and', 'invert', 'negate', 'or', 'plus', '||', identifier, whitespace\n","stack":"Error: Failed to parse ext002.wlk: \n-- PARSING FAILED --------------------------------------------------\n\n  66 | class Mago inherits Personaje {\n  67 |     override method\n> 68 | }\n     | ^\n  69 | \n  70 | class Arquero inherits Personaje {\n\nExpected one of the following: \n\n'!=', '!==', '%', '&&', '*', '**', '+', '-', '->', '..', '..<', '/', '<', '<<', '<<<', '<=', '<=>', '<>', '==', '===', '>', '>..', '>=', '>>', '>>>', '?:', 'and', 'invert', 'negate', 'or', 'plus', '||', identifier, whitespace\n\n    at /home/lucasggp/.vscode/extensions/uqbar.wollok-lsp-ide-0.5.3/out/server/src/server.js:2348:13026\n    at Array.map (<anonymous>)\n    at W1n (/home/lucasggp/.vscode/extensions/uqbar.wollok-lsp-ide-0.5.3/out/server/src/server.js:2348:12950)\n    at U2.buildEnvironmentFrom (/home/lucasggp/.vscode/extensions/uqbar.wollok-lsp-ide-0.5.3/out/server/src/server.js:2393:5254)\n    at U2.updateEnvironmentWith (/home/lucasggp/.vscode/extensions/uqbar.wollok-lsp-ide-0.5.3/out/server/src/server.js:2393:4989)\n    at JF (/home/lucasggp/.vscode/extensions/uqbar.wollok-lsp-ide-0.5.3/out/server/src/server.js:2393:7383)\n    at F3.invoke (/home/lucasggp/.vscode/extensions/uqbar.wollok-lsp-ide-0.5.3/out/server/src/server.js:3:157334)\n    at o.fire (/home/lucasggp/.vscode/extensions/uqbar.wollok-lsp-ide-0.5.3/out/server/src/server.js:3:158104)\n    at /home/lucasggp/.vscode/extensions/uqbar.wollok-lsp-ide-0.5.3/out/server/src/server.js:37:57871\n    at Zr (/home/lucasggp/.vscode/extensions/uqbar.wollok-lsp-ide-0.5.3/out/server/src/server.js:8:1561)","timestamp":"2025-12-12T21:06:21.406Z"}
{"level":"error","message":"✘ Failed to rebuild document Failed to parse ext002.wlk: \n-- PARSING FAILED --------------------------------------------------\n\n  66 | class Mago inherits Personaje {\n  67 |     override method \n> 68 | }\n     | ^\n  69 | \n  70 | class Arquero inherits Personaje {\n\nExpected one of the following: \n\n'!=', '!==', '%', '&&', '*', '**', '+', '-', '->', '..', '..<', '/', '<', '<<', '<<<', '<=', '<=>', '<>', '==', '===', '>', '>..', '>=', '>>', '>>>', '?:', 'and', 'invert', 'negate', 'or', 'plus', '||', identifier, whitespace\n","stack":"Error: Failed to parse ext002.wlk: \n-- PARSING FAILED --------------------------------------------------\n\n  66 | class Mago inherits Personaje {\n  67 |     override method \n> 68 | }\n     | ^\n  69 | \n  70 | class Arquero inherits Personaje {\n\nExpected one of the following: \n\n'!=', '!==', '%', '&&', '*', '**', '+', '-', '->', '..', '..<', '/', '<', '<<', '<<<', '<=', '<=>', '<>', '==', '===', '>', '>..', '>=', '>>', '>>>', '?:', 'and', 'invert', 'negate', 'or', 'plus', '||', identifier, whitespace\n\n    at /home/lucasggp/.vscode/extensions/uqbar.wollok-lsp-ide-0.5.3/out/server/src/server.js:2348:13026\n    at Array.map (<anonymous>)\n    at W1n (/home/lucasggp/.vscode/extensions/uqbar.wollok-lsp-ide-0.5.3/out/server/src/server.js:2348:12950)\n    at U2.buildEnvironmentFrom (/home/lucasggp/.vscode/extensions/uqbar.wollok-lsp-ide-0.5.3/out/server/src/server.js:2393:5254)\n    at U2.updateEnvironmentWith (/home/lucasggp/.vscode/extensions/uqbar.wollok-lsp-ide-0.5.3/out/server/src/server.js:2393:4989)\n    at JF (/home/lucasggp/.vscode/extensions/uqbar.wollok-lsp-ide-0.5.3/out/server/src/server.js:2393:7383)\n    at F3.invoke (/home/lucasggp/.vscode/extensions/uqbar.wollok-lsp-ide-0.5.3/out/server/src/server.js:3:157334)\n    at o.fire (/home/lucasggp/.vscode/extensions/uqbar.wollok-lsp-ide-0.5.3/out/server/src/server.js:3:158104)\n    at /home/lucasggp/.vscode/extensions/uqbar.wollok-lsp-ide-0.5.3/out/server/src/server.js:37:57871\n    at Zr (/home/lucasggp/.vscode/extensions/uqbar.wollok-lsp-ide-0.5.3/out/server/src/server.js:8:1561)","timestamp":"2025-12-12T21:06:21.500Z"}
{"level":"info","message":"⌛ Building environment","timeElapsed":245,"timestamp":"2025-12-12T21:06:21.857Z"}
{"level":"info","message":"⌛ Building environment","timeElapsed":199,"timestamp":"2025-12-12T21:06:22.118Z"}
{"level":"info","message":"⌛ Building environment","timeElapsed":203,"timestamp":"2025-12-12T21:06:22.414Z"}
{"level":"info","message":"⌛ Building environment","timeElapsed":247,"timestamp":"2025-12-12T21:06:22.749Z"}
{"level":"info","message":"⌛ Building environment","timeElapsed":205,"timestamp":"2025-12-12T21:06:23.017Z"}
{"level":"info","message":"⌛ Building environment","timeElapsed":193,"timestamp":"2025-12-12T21:06:23.276Z"}
{"level":"info","message":"⌛ Building environment","timeElapsed":328,"timestamp":"2025-12-12T21:06:23.692Z"}
{"level":"info","message":"⌛ Building environment","timeElapsed":293,"timestamp":"2025-12-12T21:06:23.988Z"}
{"level":"info","message":"⌛ Building environment","timeElapsed":309,"timestamp":"2025-12-12T21:06:24.445Z"}
{"level":"info","message":"⌛ Building environment","timeElapsed":342,"timestamp":"2025-12-12T21:06:24.811Z"}
{"level":"info","message":"⌛ Building environment","timeElapsed":259,"timestamp":"2025-12-12T21:06:25.098Z"}
{"level":"info","message":"⌛ Building environment","timeElapsed":295,"timestamp":"2025-12-12T21:06:25.407Z"}
{"level":"info","message":"⌛ Validating ext002.wlk","timeElapsed":441,"timestamp":"2025-12-12T21:06:25.849Z"}
{"level":"info","message":"⌛ Building environment","timeElapsed":509,"timestamp":"2025-12-12T21:06:26.455Z"}
{"level":"info","message":"⌛ Building environment","timeElapsed":885,"timestamp":"2025-12-12T21:06:27.425Z"}
{"level":"info","message":"⌛ Building environment","timeElapsed":295,"timestamp":"2025-12-12T21:06:27.781Z"}
{"level":"info","message":"⌛ Building environment","timeElapsed":217,"timestamp":"2025-12-12T21:06:28.060Z"}
{"level":"info","message":"⌛ Building environment","timeElapsed":266,"timestamp":"2025-12-12T21:06:28.400Z"}
{"level":"info","message":"⌛ Building environment","timeElapsed":257,"timestamp":"2025-12-12T21:06:28.717Z"}
{"level":"info","message":"⌛ Validating ext002.wlk","timeElapsed":433,"timestamp":"2025-12-12T21:06:29.224Z"}
{"level":"info","message":"⌛ Validating ext002.wlk","timeElapsed":1204,"timestamp":"2025-12-12T21:06:30.722Z"}
{"level":"info","message":"⌛ Validating ext002.wlk","timeElapsed":421,"timestamp":"2025-12-12T21:06:31.145Z"}
{"level":"info","message":"⌛ Validating ext002.wlk","timeElapsed":359,"timestamp":"2025-12-12T21:06:31.505Z"}
{"level":"info","message":"⌛ Validating ext002.wlk","timeElapsed":347,"timestamp":"2025-12-12T21:06:31.852Z"}
{"level":"info","message":"⌛ Validating ext002.wlk","timeElapsed":418,"timestamp":"2025-12-12T21:06:32.271Z"}
{"level":"info","message":"⌛ Validating ext002.wlk","timeElapsed":358,"timestamp":"2025-12-12T21:06:32.638Z"}
{"level":"info","message":"⌛ Validating ext002.wlk","timeElapsed":373,"timestamp":"2025-12-12T21:06:33.012Z"}
{"level":"info","message":"⌛ Validating ext002.wlk","timeElapsed":1016,"timestamp":"2025-12-12T21:06:34.033Z"}
{"level":"info","message":"⌛ Building environment","timeElapsed":1058,"timestamp":"2025-12-12T21:06:35.139Z"}
{"level":"error","message":"✘ Completions for node Return ([68:9, 68:17] - ext002.wlk) failed: Error: [Return]{54a5c0} at ext002.wlk:68 exhausted all cases without a match [Return]{54a5c0} at ext002.wlk:68 exhausted all cases without a match","stack":"Error: [Return]{54a5c0} at ext002.wlk:68 exhausted all cases without a match\n    at /home/lucasggp/.vscode/extensions/uqbar.wollok-lsp-ide-0.5.3/out/server/src/server.js:38:6142\n    at D2 (/home/lucasggp/.vscode/extensions/uqbar.wollok-lsp-ide-0.5.3/out/server/src/server.js:2384:42)\n    at Qh (/home/lucasggp/.vscode/extensions/uqbar.wollok-lsp-ide-0.5.3/out/server/src/server.js:2384:1092)\n    at k6n (/home/lucasggp/.vscode/extensions/uqbar.wollok-lsp-ide-0.5.3/out/server/src/server.js:2384:1248)\n    at /home/lucasggp/.vscode/extensions/uqbar.wollok-lsp-ide-0.5.3/out/server/src/server.js:38:6131\n    at D2 (/home/lucasggp/.vscode/extensions/uqbar.wollok-lsp-ide-0.5.3/out/server/src/server.js:2384:42)\n    at /home/lucasggp/.vscode/extensions/uqbar.wollok-lsp-ide-0.5.3/out/server/src/server.js:2384:2988\n    at /home/lucasggp/.vscode/extensions/uqbar.wollok-lsp-ide-0.5.3/out/server/src/server.js:2393:8440\n    at /home/lucasggp/.vscode/extensions/uqbar.wollok-lsp-ide-0.5.3/out/server/src/server.js:37:74872\n    at Ye (/home/lucasggp/.vscode/extensions/uqbar.wollok-lsp-ide-0.5.3/out/server/src/server.js:7:8527)","timestamp":"2025-12-12T21:06:35.261Z"}
{"level":"info","message":"⌛ Building environment","timeElapsed":785,"timestamp":"2025-12-12T21:06:36.065Z"}
{"level":"info","message":"⌛ Validating ext002.wlk","timeElapsed":582,"timestamp":"2025-12-12T21:06:36.651Z"}
{"level":"info","message":"⌛ Building environment","timeElapsed":247,"timestamp":"2025-12-12T21:06:36.901Z"}
{"level":"info","message":"⌛ Building environment","timeElapsed":333,"timestamp":"2025-12-12T21:06:37.287Z"}
{"level":"info","message":"⌛ Building environment","timeElapsed":271,"timestamp":"2025-12-12T21:06:37.645Z"}
{"level":"info","message":"⌛ Validating ext002.wlk","timeElapsed":426,"timestamp":"2025-12-12T21:06:38.126Z"}
{"level":"info","message":"⌛ Validating ext002.wlk","timeElapsed":343,"timestamp":"2025-12-12T21:06:38.492Z"}
{"level":"info","message":"⌛ Building environment","timeElapsed":203,"timestamp":"2025-12-12T21:06:38.696Z"}
{"level":"info","message":"⌛ Building environment","timeElapsed":243,"timestamp":"2025-12-12T21:06:38.940Z"}
{"level":"info","message":"⌛ Building environment","timeElapsed":276,"timestamp":"2025-12-12T21:06:39.218Z"}
{"level":"info","message":"⌛ Validating ext002.wlk","timeElapsed":378,"timestamp":"2025-12-12T21:06:39.596Z"}
{"level":"info","message":"⌛ Building environment","timeElapsed":254,"timestamp":"2025-12-12T21:06:39.861Z"}
{"level":"info","message":"⌛ Validating ext002.wlk","timeElapsed":403,"timestamp":"2025-12-12T21:06:40.284Z"}
{"level":"info","message":"⌛ Validating ext002.wlk","timeElapsed":453,"timestamp":"2025-12-12T21:06:40.791Z"}
{"level":"info","message":"⌛ Validating ext002.wlk","timeElapsed":338,"timestamp":"2025-12-12T21:06:41.132Z"}
{"level":"info","message":"⌛ Validating ext002.wlk","timeElapsed":316,"timestamp":"2025-12-12T21:06:41.457Z"}
{"level":"info","message":"⌛ Building environment","timeElapsed":191,"timestamp":"2025-12-12T21:06:41.649Z"}
{"level":"info","message":"⌛ Building environment","timeElapsed":217,"timestamp":"2025-12-12T21:06:41.867Z"}
{"level":"info","message":"⌛ Validating ext002.wlk","timeElapsed":391,"timestamp":"2025-12-12T21:06:42.259Z"}
{"level":"info","message":"⌛ Validating ext002.wlk","timeElapsed":566,"timestamp":"2025-12-12T21:06:42.849Z"}
{"level":"info","message":"⌛ Validating ext002.wlk","timeElapsed":363,"timestamp":"2025-12-12T21:06:43.213Z"}
{"level":"info","message":"⌛ Building environment","timeElapsed":320,"timestamp":"2025-12-12T21:06:43.535Z"}
{"level":"error","message":"✘ Completions for node Send ([68:16, 68:26] - ext002.wlk) failed: Error: [Send]{57280a} at ext002.wlk:68 exhausted all cases without a match [Send]{57280a} at ext002.wlk:68 exhausted all cases without a match","stack":"Error: [Send]{57280a} at ext002.wlk:68 exhausted all cases without a match\n    at /home/lucasggp/.vscode/extensions/uqbar.wollok-lsp-ide-0.5.3/out/server/src/server.js:38:6142\n    at D2 (/home/lucasggp/.vscode/extensions/uqbar.wollok-lsp-ide-0.5.3/out/server/src/server.js:2384:42)\n    at Qh (/home/lucasggp/.vscode/extensions/uqbar.wollok-lsp-ide-0.5.3/out/server/src/server.js:2384:1092)\n    at k6n (/home/lucasggp/.vscode/extensions/uqbar.wollok-lsp-ide-0.5.3/out/server/src/server.js:2384:1248)\n    at /home/lucasggp/.vscode/extensions/uqbar.wollok-lsp-ide-0.5.3/out/server/src/server.js:38:6131\n    at D2 (/home/lucasggp/.vscode/extensions/uqbar.wollok-lsp-ide-0.5.3/out/server/src/server.js:2384:42)\n    at /home/lucasggp/.vscode/extensions/uqbar.wollok-lsp-ide-0.5.3/out/server/src/server.js:2384:2988\n    at /home/lucasggp/.vscode/extensions/uqbar.wollok-lsp-ide-0.5.3/out/server/src/server.js:2393:8440\n    at /home/lucasggp/.vscode/extensions/uqbar.wollok-lsp-ide-0.5.3/out/server/src/server.js:37:74872\n    at Ye (/home/lucasggp/.vscode/extensions/uqbar.wollok-lsp-ide-0.5.3/out/server/src/server.js:7:8527)","timestamp":"2025-12-12T21:06:43.665Z"}
{"level":"error","message":"✘ Completions for node Return ([68:9, 68:26] - ext002.wlk) failed: Error: [Return]{a6e1db} at ext002.wlk:68 exhausted all cases without a match [Return]{a6e1db} at ext002.wlk:68 exhausted all cases without a match","stack":"Error: [Return]{a6e1db} at ext002.wlk:68 exhausted all cases without a match\n    at /home/lucasggp/.vscode/extensions/uqbar.wollok-lsp-ide-0.5.3/out/server/src/server.js:38:6142\n    at D2 (/home/lucasggp/.vscode/extensions/uqbar.wollok-lsp-ide-0.5.3/out/server/src/server.js:2384:42)\n    at Qh (/home/lucasggp/.vscode/extensions/uqbar.wollok-lsp-ide-0.5.3/out/server/src/server.js:2384:1092)\n    at D2 (/home/lucasggp/.vscode/extensions/uqbar.wollok-lsp-ide-0.5.3/out/server/src/server.js:2384:544)\n    at Qh (/home/lucasggp/.vscode/extensions/uqbar.wollok-lsp-ide-0.5.3/out/server/src/server.js:2384:1092)\n    at k6n (/home/lucasggp/.vscode/extensions/uqbar.wollok-lsp-ide-0.5.3/out/server/src/server.js:2384:1248)\n    at /home/lucasggp/.vscode/extensions/uqbar.wollok-lsp-ide-0.5.3/out/server/src/server.js:38:6131\n    at D2 (/home/lucasggp/.vscode/extensions/uqbar.wollok-lsp-ide-0.5.3/out/server/src/server.js:2384:42)\n    at /home/lucasggp/.vscode/extensions/uqbar.wollok-lsp-ide-0.5.3/out/server/src/server.js:2384:2988\n    at /home/lucasggp/.vscode/extensions/uqbar.wollok-lsp-ide-0.5.3/out/server/src/server.js:2393:8440","timestamp":"2025-12-12T21:06:43.669Z"}
{"level":"info","message":"⌛ Autocomplete - Reference","timeElapsed":101,"timestamp":"2025-12-12T21:06:43.700Z"}
{"level":"info","message":"⌛ Building environment","timeElapsed":318,"timestamp":"2025-12-12T21:06:44.026Z"}
{"level":"info","message":"⌛ Building environment","timeElapsed":271,"timestamp":"2025-12-12T21:06:44.303Z"}
{"level":"info","message":"⌛ Building environment","timeElapsed":573,"timestamp":"2025-12-12T21:06:44.962Z"}
{"level":"info","message":"⌛ Validating ext002.wlk","timeElapsed":483,"timestamp":"2025-12-12T21:06:45.600Z"}
{"level":"info","message":"⌛ Building environment","timeElapsed":229,"timestamp":"2025-12-12T21:06:45.829Z"}
{"level":"info","message":"⌛ Building environment","timeElapsed":250,"timestamp":"2025-12-12T21:06:46.082Z"}
{"level":"info","message":"⌛ Validating ext002.wlk","timeElapsed":391,"timestamp":"2025-12-12T21:06:46.475Z"}
{"level":"info","message":"⌛ Building environment","timeElapsed":195,"timestamp":"2025-12-12T21:06:46.670Z"}
{"level":"info","message":"⌛ Building environment","timeElapsed":263,"timestamp":"2025-12-12T21:06:46.979Z"}
{"level":"info","message":"⌛ Building environment","timeElapsed":226,"timestamp":"2025-12-12T21:06:47.295Z"}
{"level":"info","message":"⌛ Validating ext002.wlk","timeElapsed":350,"timestamp":"2025-12-12T21:06:47.698Z"}
{"level":"info","message":"⌛ Building environment","timeElapsed":1955,"timestamp":"2025-12-12T21:06:49.662Z"}
{"level":"info","message":"⌛ Building environment","timeElapsed":282,"timestamp":"2025-12-12T21:06:49.946Z"}
{"level":"info","message":"⌛ Validating ext002.wlk","timeElapsed":406,"timestamp":"2025-12-12T21:06:50.353Z"}
{"level":"info","message":"⌛ Validating ext002.wlk","timeElapsed":341,"timestamp":"2025-12-12T21:06:50.710Z"}
{"level":"info","message":"⌛ Validating ext002.wlk","timeElapsed":339,"timestamp":"2025-12-12T21:06:51.058Z"}
{"level":"info","message":"⌛ Building environment","timeElapsed":184,"timestamp":"2025-12-12T21:06:51.255Z"}
{"level":"info","message":"⌛ Building environment","timeElapsed":221,"timestamp":"2025-12-12T21:06:51.477Z"}
{"level":"info","message":"⌛ Validating ext002.wlk","timeElapsed":390,"timestamp":"2025-12-12T21:06:51.868Z"}
{"level":"info","message":"⌛ Validating ext002.wlk","timeElapsed":316,"timestamp":"2025-12-12T21:06:52.201Z"}
{"level":"info","message":"⌛ Validating ext002.wlk","timeElapsed":326,"timestamp":"2025-12-12T21:06:52.534Z"}
{"level":"info","message":"⌛ Building environment","timeElapsed":197,"timestamp":"2025-12-12T21:06:52.732Z"}
{"level":"info","message":"⌛ Building environment","timeElapsed":210,"timestamp":"2025-12-12T21:06:53.001Z"}
{"level":"info","message":"⌛ Validating ext002.wlk","timeElapsed":652,"timestamp":"2025-12-12T21:06:53.655Z"}
{"level":"info","message":"⌛ Building environment","timeElapsed":257,"timestamp":"2025-12-12T21:06:53.914Z"}
{"level":"info","message":"⌛ Building environment","timeElapsed":249,"timestamp":"2025-12-12T21:06:54.214Z"}
{"level":"info","message":"⌛ Building environment","timeElapsed":216,"timestamp":"2025-12-12T21:06:54.496Z"}
{"level":"info","message":"⌛ Building environment","timeElapsed":267,"timestamp":"2025-12-12T21:06:54.821Z"}
{"level":"info","message":"⌛ Validating ext002.wlk","timeElapsed":481,"timestamp":"2025-12-12T21:06:55.408Z"}
{"level":"info","message":"⌛ Building environment","timeElapsed":2136,"timestamp":"2025-12-12T21:06:57.560Z"}
{"level":"info","message":"⌛ Building environment","timeElapsed":340,"timestamp":"2025-12-12T21:06:57.906Z"}
{"level":"info","message":"⌛ Validating ext002.wlk","timeElapsed":459,"timestamp":"2025-12-12T21:06:58.366Z"}
{"level":"info","message":"⌛ Building environment","timeElapsed":348,"timestamp":"2025-12-12T21:06:58.717Z"}
{"level":"info","message":"⌛ Building environment","timeElapsed":282,"timestamp":"2025-12-12T21:06:59.053Z"}
{"level":"info","message":"⌛ Building environment","timeElapsed":223,"timestamp":"2025-12-12T21:06:59.401Z"}
{"level":"info","message":"⌛ Building environment","timeElapsed":172,"timestamp":"2025-12-12T21:06:59.632Z"}
{"level":"info","message":"⌛ Building environment","timeElapsed":186,"timestamp":"2025-12-12T21:06:59.881Z"}
{"level":"info","message":"⌛ Building environment","timeElapsed":171,"timestamp":"2025-12-12T21:07:00.110Z"}
{"level":"info","message":"⌛ Building environment","timeElapsed":319,"timestamp":"2025-12-12T21:07:00.477Z"}
{"level":"info","message":"⌛ Building environment","timeElapsed":247,"timestamp":"2025-12-12T21:07:00.817Z"}
{"level":"info","message":"⌛ Building environment","timeElapsed":210,"timestamp":"2025-12-12T21:07:01.095Z"}
{"level":"info","message":"⌛ Building environment","timeElapsed":217,"timestamp":"2025-12-12T21:07:01.391Z"}
{"level":"info","message":"⌛ Building environment","timeElapsed":230,"timestamp":"2025-12-12T21:07:01.715Z"}
{"level":"info","message":"⌛ Building environment","timeElapsed":201,"timestamp":"2025-12-12T21:07:01.996Z"}
{"level":"info","message":"⌛ Building environment","timeElapsed":454,"timestamp":"2025-12-12T21:07:02.537Z"}
{"level":"info","message":"⌛ Building environment","timeElapsed":256,"timestamp":"2025-12-12T21:07:02.913Z"}
{"level":"info","message":"⌛ Building environment","timeElapsed":255,"timestamp":"2025-12-12T21:07:03.257Z"}
{"level":"info","message":"⌛ Building environment","timeElapsed":245,"timestamp":"2025-12-12T21:07:03.514Z"}
{"level":"info","message":"⌛ Autocomplete - Class","timeElapsed":608,"timestamp":"2025-12-12T21:07:04.134Z"}
{"level":"info","message":"⌛ Building environment","timeElapsed":1504,"timestamp":"2025-12-12T21:07:05.648Z"}
{"level":"info","message":"⌛ Building environment","timeElapsed":482,"timestamp":"2025-12-12T21:07:06.133Z"}
{"level":"info","message":"⌛ Building environment","timeElapsed":317,"timestamp":"2025-12-12T21:07:06.452Z"}
{"level":"info","message":"⌛ Building environment","timeElapsed":280,"timestamp":"2025-12-12T21:07:06.733Z"}
{"level":"info","message":"⌛ Building environment","timeElapsed":301,"timestamp":"2025-12-12T21:07:07.040Z"}
{"level":"info","message":"⌛ Building environment","timeElapsed":265,"timestamp":"2025-12-12T21:07:07.309Z"}
{"level":"info","message":"⌛ Validating ext002.wlk","timeElapsed":376,"timestamp":"2025-12-12T21:07:07.762Z"}
{"level":"info","message":"⌛ Building environment","timeElapsed":278,"timestamp":"2025-12-12T21:07:08.051Z"}
{"level":"info","message":"⌛ Building environment","timeElapsed":343,"timestamp":"2025-12-12T21:07:08.395Z"}
{"level":"info","message":"⌛ Building environment","timeElapsed":440,"timestamp":"2025-12-12T21:07:08.841Z"}
{"level":"info","message":"⌛ Building environment","timeElapsed":345,"timestamp":"2025-12-12T21:07:09.189Z"}
{"level":"info","message":"⌛ Building environment","timeElapsed":1431,"timestamp":"2025-12-12T21:07:10.624Z"}
{"level":"info","message":"⌛ Building environment","timeElapsed":1122,"timestamp":"2025-12-12T21:07:11.748Z"}
{"level":"info","message":"⌛ Building environment","timeElapsed":308,"timestamp":"2025-12-12T21:07:12.057Z"}
{"level":"error","message":"✘ Failed to rebuild document Failed to parse ext002.wlk: \n-- PARSING FAILED --------------------------------------------------\n\n  74 | class Arquero inherits Personaje {\n  75 |     override method\n> 76 | }\n     | ^\n  77 | \n  78 | \n\nExpected one of the following: \n\n'!=', '!==', '%', '&&', '*', '**', '+', '-', '->', '..', '..<', '/', '<', '<<', '<<<', '<=', '<=>', '<>', '==', '===', '>', '>..', '>=', '>>', '>>>', '?:', 'and', 'invert', 'negate', 'or', 'plus', '||', identifier, whitespace\n","stack":"Error: Failed to parse ext002.wlk: \n-- PARSING FAILED --------------------------------------------------\n\n  74 | class Arquero inherits Personaje {\n  75 |     override method\n> 76 | }\n     | ^\n  77 | \n  78 | \n\nExpected one of the following: \n\n'!=', '!==', '%', '&&', '*', '**', '+', '-', '->', '..', '..<', '/', '<', '<<', '<<<', '<=', '<=>', '<>', '==', '===', '>', '>..', '>=', '>>', '>>>', '?:', 'and', 'invert', 'negate', 'or', 'plus', '||', identifier, whitespace\n\n    at /home/lucasggp/.vscode/extensions/uqbar.wollok-lsp-ide-0.5.3/out/server/src/server.js:2348:13026\n    at Array.map (<anonymous>)\n    at W1n (/home/lucasggp/.vscode/extensions/uqbar.wollok-lsp-ide-0.5.3/out/server/src/server.js:2348:12950)\n    at U2.buildEnvironmentFrom (/home/lucasggp/.vscode/extensions/uqbar.wollok-lsp-ide-0.5.3/out/server/src/server.js:2393:5254)\n    at U2.updateEnvironmentWith (/home/lucasggp/.vscode/extensions/uqbar.wollok-lsp-ide-0.5.3/out/server/src/server.js:2393:4989)\n    at JF (/home/lucasggp/.vscode/extensions/uqbar.wollok-lsp-ide-0.5.3/out/server/src/server.js:2393:7383)\n    at F3.invoke (/home/lucasggp/.vscode/extensions/uqbar.wollok-lsp-ide-0.5.3/out/server/src/server.js:3:157334)\n    at o.fire (/home/lucasggp/.vscode/extensions/uqbar.wollok-lsp-ide-0.5.3/out/server/src/server.js:3:158104)\n    at /home/lucasggp/.vscode/extensions/uqbar.wollok-lsp-ide-0.5.3/out/server/src/server.js:37:57871\n    at Zr (/home/lucasggp/.vscode/extensions/uqbar.wollok-lsp-ide-0.5.3/out/server/src/server.js:8:1561)","timestamp":"2025-12-12T21:07:12.098Z"}
{"level":"error","message":"✘ Failed to rebuild document Failed to parse ext002.wlk: \n-- PARSING FAILED --------------------------------------------------\n\n  74 | class Arquero inherits Personaje {\n  75 |     override method \n> 76 | }\n     | ^\n  77 | \n  78 | \n\nExpected one of the following: \n\n'!=', '!==', '%', '&&', '*', '**', '+', '-', '->', '..', '..<', '/', '<', '<<', '<<<', '<=', '<=>', '<>', '==', '===', '>', '>..', '>=', '>>', '>>>', '?:', 'and', 'invert', 'negate', 'or', 'plus', '||', identifier, whitespace\n","stack":"Error: Failed to parse ext002.wlk: \n-- PARSING FAILED --------------------------------------------------\n\n  74 | class Arquero inherits Personaje {\n  75 |     override method \n> 76 | }\n     | ^\n  77 | \n  78 | \n\nExpected one of the following: \n\n'!=', '!==', '%', '&&', '*', '**', '+', '-', '->', '..', '..<', '/', '<', '<<', '<<<', '<=', '<=>', '<>', '==', '===', '>', '>..', '>=', '>>', '>>>', '?:', 'and', 'invert', 'negate', 'or', 'plus', '||', identifier, whitespace\n\n    at /home/lucasggp/.vscode/extensions/uqbar.wollok-lsp-ide-0.5.3/out/server/src/server.js:2348:13026\n    at Array.map (<anonymous>)\n    at W1n (/home/lucasggp/.vscode/extensions/uqbar.wollok-lsp-ide-0.5.3/out/server/src/server.js:2348:12950)\n    at U2.buildEnvironmentFrom (/home/lucasggp/.vscode/extensions/uqbar.wollok-lsp-ide-0.5.3/out/server/src/server.js:2393:5254)\n    at U2.updateEnvironmentWith (/home/lucasggp/.vscode/extensions/uqbar.wollok-lsp-ide-0.5.3/out/server/src/server.js:2393:4989)\n    at JF (/home/lucasggp/.vscode/extensions/uqbar.wollok-lsp-ide-0.5.3/out/server/src/server.js:2393:7383)\n    at F3.invoke (/home/lucasggp/.vscode/extensions/uqbar.wollok-lsp-ide-0.5.3/out/server/src/server.js:3:157334)\n    at o.fire (/home/lucasggp/.vscode/extensions/uqbar.wollok-lsp-ide-0.5.3/out/server/src/server.js:3:158104)\n    at /home/lucasggp/.vscode/extensions/uqbar.wollok-lsp-ide-0.5.3/out/server/src/server.js:37:57871\n    at Zr (/home/lucasggp/.vscode/extensions/uqbar.wollok-lsp-ide-0.5.3/out/server/src/server.js:8:1561)","timestamp":"2025-12-12T21:07:12.175Z"}
{"level":"info","message":"⌛ Validating ext002.wlk","timeElapsed":757,"timestamp":"2025-12-12T21:07:12.949Z"}
{"level":"info","message":"⌛ Building environment","timeElapsed":324,"timestamp":"2025-12-12T21:07:13.275Z"}
{"level":"info","message":"⌛ Building environment","timeElapsed":612,"timestamp":"2025-12-12T21:07:13.889Z"}
{"level":"info","message":"⌛ Validating ext002.wlk","timeElapsed":769,"timestamp":"2025-12-12T21:07:14.784Z"}
{"level":"info","message":"⌛ Building environment","timeElapsed":326,"timestamp":"2025-12-12T21:07:15.112Z"}
{"level":"info","message":"⌛ Building environment","timeElapsed":354,"timestamp":"2025-12-12T21:07:15.471Z"}
{"level":"info","message":"⌛ Building environment","timeElapsed":337,"timestamp":"2025-12-12T21:07:15.811Z"}
{"level":"info","message":"⌛ Building environment","timeElapsed":404,"timestamp":"2025-12-12T21:07:16.224Z"}
{"level":"info","message":"⌛ Validating ext002.wlk","timeElapsed":584,"timestamp":"2025-12-12T21:07:16.808Z"}
{"level":"info","message":"⌛ Building environment","timeElapsed":318,"timestamp":"2025-12-12T21:07:17.148Z"}
{"level":"info","message":"⌛ Validating ext002.wlk","timeElapsed":374,"timestamp":"2025-12-12T21:07:17.523Z"}
{"level":"info","message":"⌛ Building environment","timeElapsed":275,"timestamp":"2025-12-12T21:07:17.804Z"}
{"level":"info","message":"⌛ Building environment","timeElapsed":387,"timestamp":"2025-12-12T21:07:18.194Z"}
{"level":"info","message":"⌛ Validating ext002.wlk","timeElapsed":452,"timestamp":"2025-12-12T21:07:18.678Z"}
{"level":"info","message":"⌛ Validating ext002.wlk","timeElapsed":749,"timestamp":"2025-12-12T21:07:19.441Z"}
{"level":"info","message":"⌛ Validating ext002.wlk","timeElapsed":445,"timestamp":"2025-12-12T21:07:19.888Z"}
{"level":"info","message":"⌛ Building environment","timeElapsed":280,"timestamp":"2025-12-12T21:07:20.170Z"}
{"level":"info","message":"⌛ Building environment","timeElapsed":313,"timestamp":"2025-12-12T21:07:20.485Z"}
{"level":"info","message":"⌛ Validating ext002.wlk","timeElapsed":595,"timestamp":"2025-12-12T21:07:21.081Z"}
{"level":"info","message":"⌛ Building environment","timeElapsed":322,"timestamp":"2025-12-12T21:07:21.451Z"}
{"level":"info","message":"⌛ Validating ext002.wlk","timeElapsed":485,"timestamp":"2025-12-12T21:07:21.956Z"}
{"level":"info","message":"⌛ Validating ext002.wlk","timeElapsed":444,"timestamp":"2025-12-12T21:07:22.401Z"}
{"level":"info","message":"⌛ Building environment","timeElapsed":276,"timestamp":"2025-12-12T21:07:22.679Z"}
{"level":"info","message":"⌛ Building environment","timeElapsed":338,"timestamp":"2025-12-12T21:07:23.167Z"}
{"level":"info","message":"⌛ Building environment","timeElapsed":306,"timestamp":"2025-12-12T21:07:23.494Z"}
{"level":"info","message":"⌛ Building environment","timeElapsed":247,"timestamp":"2025-12-12T21:07:23.742Z"}
{"level":"info","message":"⌛ Building environment","timeElapsed":246,"timestamp":"2025-12-12T21:07:24.060Z"}
{"level":"info","message":"⌛ Building environment","timeElapsed":337,"timestamp":"2025-12-12T21:07:24.571Z"}
{"level":"info","message":"⌛ Validating ext002.wlk","timeElapsed":383,"timestamp":"2025-12-12T21:07:24.956Z"}
{"level":"info","message":"⌛ Building environment","timeElapsed":231,"timestamp":"2025-12-12T21:07:25.197Z"}
{"level":"info","message":"⌛ Building environment","timeElapsed":273,"timestamp":"2025-12-12T21:07:25.471Z"}
{"level":"info","message":"⌛ Building environment","timeElapsed":287,"timestamp":"2025-12-12T21:07:25.758Z"}
{"level":"info","message":"⌛ Building environment","timeElapsed":285,"timestamp":"2025-12-12T21:07:26.044Z"}
{"level":"info","message":"⌛ Validating ext002.wlk","timeElapsed":408,"timestamp":"2025-12-12T21:07:26.454Z"}
{"level":"info","message":"⌛ Building environment","timeElapsed":240,"timestamp":"2025-12-12T21:07:26.696Z"}
{"level":"info","message":"⌛ Building environment","timeElapsed":237,"timestamp":"2025-12-12T21:07:26.977Z"}
{"level":"info","message":"⌛ Building environment","timeElapsed":277,"timestamp":"2025-12-12T21:07:27.328Z"}
{"level":"info","message":"⌛ Validating ext002.wlk","timeElapsed":503,"timestamp":"2025-12-12T21:07:27.915Z"}
{"level":"info","message":"⌛ Building environment","timeElapsed":286,"timestamp":"2025-12-12T21:07:28.203Z"}
{"level":"info","message":"⌛ Building environment","timeElapsed":393,"timestamp":"2025-12-12T21:07:28.599Z"}
{"level":"info","message":"⌛ Building environment","timeElapsed":304,"timestamp":"2025-12-12T21:07:28.905Z"}
{"level":"info","message":"⌛ Building environment","timeElapsed":284,"timestamp":"2025-12-12T21:07:29.191Z"}
{"level":"info","message":"⌛ Validating ext002.wlk","timeElapsed":764,"timestamp":"2025-12-12T21:07:29.958Z"}
{"level":"info","message":"⌛ Building environment","timeElapsed":3152,"timestamp":"2025-12-12T21:07:33.531Z"}
{"level":"info","message":"⌛ Building environment","timeElapsed":4302,"timestamp":"2025-12-12T21:07:37.885Z"}
{"level":"info","message":"⌛ Validating ext002.wlk","timeElapsed":416,"timestamp":"2025-12-12T21:07:38.344Z"}
{"level":"info","message":"⌛ Validating ext002.wlk","timeElapsed":487,"timestamp":"2025-12-12T21:07:38.858Z"}
{"level":"info","message":"⌛ Building environment","timeElapsed":271,"timestamp":"2025-12-12T21:07:39.131Z"}
{"level":"info","message":"⌛ Validating ext002.wlk","timeElapsed":517,"timestamp":"2025-12-12T21:07:39.649Z"}
{"level":"info","message":"⌛ Building environment","timeElapsed":404,"timestamp":"2025-12-12T21:07:40.073Z"}
{"level":"info","message":"⌛ Validating ext002.wlk","timeElapsed":552,"timestamp":"2025-12-12T21:07:40.632Z"}
{"level":"info","message":"⌛ Building environment","timeElapsed":251,"timestamp":"2025-12-12T21:07:40.892Z"}
{"level":"info","message":"⌛ Validating ext002.wlk","timeElapsed":496,"timestamp":"2025-12-12T21:07:41.388Z"}
{"level":"info","message":"⌛ Building environment","timeElapsed":253,"timestamp":"2025-12-12T21:07:41.656Z"}
{"level":"info","message":"⌛ Building environment","timeElapsed":265,"timestamp":"2025-12-12T21:07:41.925Z"}
{"level":"info","message":"⌛ Building environment","timeElapsed":520,"timestamp":"2025-12-12T21:07:42.553Z"}
{"level":"info","message":"⌛ Validating ext002.wlk","timeElapsed":455,"timestamp":"2025-12-12T21:07:43.039Z"}
{"level":"info","message":"⌛ Validating ext002.wlk","timeElapsed":432,"timestamp":"2025-12-12T21:07:43.472Z"}
{"level":"info","message":"⌛ Validating ext002.wlk","timeElapsed":3210,"timestamp":"2025-12-12T21:07:46.722Z"}
{"level":"info","message":"⌛ Validating ext002.wlk","timeElapsed":459,"timestamp":"2025-12-12T21:07:47.196Z"}
{"level":"info","message":"⌛ Validating ext002.wlk","timeElapsed":508,"timestamp":"2025-12-12T21:07:47.714Z"}
{"level":"info","message":"⌛ Validating ext002.wlk","timeElapsed":461,"timestamp":"2025-12-12T21:07:48.177Z"}
{"level":"info","message":"⌛ Validating ext002.wlk","timeElapsed":380,"timestamp":"2025-12-12T21:07:48.578Z"}
{"level":"info","message":"⌛ Validating ext002.wlk","timeElapsed":425,"timestamp":"2025-12-12T21:07:49.004Z"}
{"level":"info","message":"⌛ Validating ext002.wlk","timeElapsed":455,"timestamp":"2025-12-12T21:07:49.468Z"}
{"level":"info","message":"⌛ Validating ext002.wlk","timeElapsed":509,"timestamp":"2025-12-12T21:07:49.978Z"}
{"level":"info","message":"⌛ Building environment","timeElapsed":398,"timestamp":"2025-12-12T21:07:50.411Z"}
{"level":"info","message":"⌛ Building environment","timeElapsed":340,"timestamp":"2025-12-12T21:07:50.764Z"}
{"level":"info","message":"⌛ Validating ext002.wlk","timeElapsed":445,"timestamp":"2025-12-12T21:07:51.211Z"}
{"level":"info","message":"⌛ Validating ext002.wlk","timeElapsed":368,"timestamp":"2025-12-12T21:07:51.590Z"}
{"level":"info","message":"⌛ Building environment","timeElapsed":234,"timestamp":"2025-12-12T21:07:51.824Z"}
{"level":"info","message":"⌛ Building environment","timeElapsed":318,"timestamp":"2025-12-12T21:07:52.258Z"}
{"level":"info","message":"⌛ Building environment","timeElapsed":208,"timestamp":"2025-12-12T21:07:52.468Z"}
{"level":"info","message":"⌛ Building environment","timeElapsed":269,"timestamp":"2025-12-12T21:07:52.801Z"}
{"level":"info","message":"⌛ Building environment","timeElapsed":281,"timestamp":"2025-12-12T21:07:53.182Z"}
{"level":"error","message":"✘ Failed to rebuild document Failed to parse ext002.wlk: \n-- PARSING FAILED --------------------------------------------------\n\n  58 | \n  59 |     method\n> 60 | }\n     | ^\n  61 | \n  62 | class Guerrero inherits Personaje {\n\nExpected one of the following: \n\n'!=', '!==', '%', '&&', '*', '**', '+', '-', '->', '..', '..<', '/', '<', '<<', '<<<', '<=', '<=>', '<>', '==', '===', '>', '>..', '>=', '>>', '>>>', '?:', 'and', 'invert', 'negate', 'or', 'plus', '||', identifier, whitespace\n","stack":"Error: Failed to parse ext002.wlk: \n-- PARSING FAILED --------------------------------------------------\n\n  58 | \n  59 |     method\n> 60 | }\n     | ^\n  61 | \n  62 | class Guerrero inherits Personaje {\n\nExpected one of the following: \n\n'!=', '!==', '%', '&&', '*', '**', '+', '-', '->', '..', '..<', '/', '<', '<<', '<<<', '<=', '<=>', '<>', '==', '===', '>', '>..', '>=', '>>', '>>>', '?:', 'and', 'invert', 'negate', 'or', 'plus', '||', identifier, whitespace\n\n    at /home/lucasggp/.vscode/extensions/uqbar.wollok-lsp-ide-0.5.3/out/server/src/server.js:2348:13026\n    at Array.map (<anonymous>)\n    at W1n (/home/lucasggp/.vscode/extensions/uqbar.wollok-lsp-ide-0.5.3/out/server/src/server.js:2348:12950)\n    at U2.buildEnvironmentFrom (/home/lucasggp/.vscode/extensions/uqbar.wollok-lsp-ide-0.5.3/out/server/src/server.js:2393:5254)\n    at U2.updateEnvironmentWith (/home/lucasggp/.vscode/extensions/uqbar.wollok-lsp-ide-0.5.3/out/server/src/server.js:2393:4989)\n    at JF (/home/lucasggp/.vscode/extensions/uqbar.wollok-lsp-ide-0.5.3/out/server/src/server.js:2393:7383)\n    at F3.invoke (/home/lucasggp/.vscode/extensions/uqbar.wollok-lsp-ide-0.5.3/out/server/src/server.js:3:157334)\n    at o.fire (/home/lucasggp/.vscode/extensions/uqbar.wollok-lsp-ide-0.5.3/out/server/src/server.js:3:158104)\n    at /home/lucasggp/.vscode/extensions/uqbar.wollok-lsp-ide-0.5.3/out/server/src/server.js:37:57871\n    at Zr (/home/lucasggp/.vscode/extensions/uqbar.wollok-lsp-ide-0.5.3/out/server/src/server.js:8:1561)","timestamp":"2025-12-12T21:07:53.284Z"}
{"level":"info","message":"⌛ Validating ext002.wlk","timeElapsed":460,"timestamp":"2025-12-12T21:07:53.745Z"}
{"level":"error","message":"✘ Failed to rebuild document Failed to parse ext002.wlk: \n-- PARSING FAILED --------------------------------------------------\n\n  58 | \n  59 |     method \n> 60 | }\n     | ^\n  61 | \n  62 | class Guerrero inherits Personaje {\n\nExpected one of the following: \n\n'!=', '!==', '%', '&&', '*', '**', '+', '-', '->', '..', '..<', '/', '<', '<<', '<<<', '<=', '<=>', '<>', '==', '===', '>', '>..', '>=', '>>', '>>>', '?:', 'and', 'invert', 'negate', 'or', 'plus', '||', identifier, whitespace\n","stack":"Error: Failed to parse ext002.wlk: \n-- PARSING FAILED --------------------------------------------------\n\n  58 | \n  59 |     method \n> 60 | }\n     | ^\n  61 | \n  62 | class Guerrero inherits Personaje {\n\nExpected one of the following: \n\n'!=', '!==', '%', '&&', '*', '**', '+', '-', '->', '..', '..<', '/', '<', '<<', '<<<', '<=', '<=>', '<>', '==', '===', '>', '>..', '>=', '>>', '>>>', '?:', 'and', 'invert', 'negate', 'or', 'plus', '||', identifier, whitespace\n\n    at /home/lucasggp/.vscode/extensions/uqbar.wollok-lsp-ide-0.5.3/out/server/src/server.js:2348:13026\n    at Array.map (<anonymous>)\n    at W1n (/home/lucasggp/.vscode/extensions/uqbar.wollok-lsp-ide-0.5.3/out/server/src/server.js:2348:12950)\n    at U2.buildEnvironmentFrom (/home/lucasggp/.vscode/extensions/uqbar.wollok-lsp-ide-0.5.3/out/server/src/server.js:2393:5254)\n    at U2.updateEnvironmentWith (/home/lucasggp/.vscode/extensions/uqbar.wollok-lsp-ide-0.5.3/out/server/src/server.js:2393:4989)\n    at JF (/home/lucasggp/.vscode/extensions/uqbar.wollok-lsp-ide-0.5.3/out/server/src/server.js:2393:7383)\n    at F3.invoke (/home/lucasggp/.vscode/extensions/uqbar.wollok-lsp-ide-0.5.3/out/server/src/server.js:3:157334)\n    at o.fire (/home/lucasggp/.vscode/extensions/uqbar.wollok-lsp-ide-0.5.3/out/server/src/server.js:3:158104)\n    at /home/lucasggp/.vscode/extensions/uqbar.wollok-lsp-ide-0.5.3/out/server/src/server.js:37:57871\n    at Zr (/home/lucasggp/.vscode/extensions/uqbar.wollok-lsp-ide-0.5.3/out/server/src/server.js:8:1561)","timestamp":"2025-12-12T21:07:53.770Z"}
{"level":"info","message":"⌛ Validating ext002.wlk","timeElapsed":427,"timestamp":"2025-12-12T21:07:54.198Z"}
{"level":"info","message":"⌛ Validating ext002.wlk","timeElapsed":486,"timestamp":"2025-12-12T21:07:54.685Z"}
{"level":"info","message":"⌛ Validating ext002.wlk","timeElapsed":536,"timestamp":"2025-12-12T21:07:55.222Z"}
{"level":"info","message":"⌛ Validating ext002.wlk","timeElapsed":462,"timestamp":"2025-12-12T21:07:55.700Z"}
{"level":"info","message":"⌛ Validating ext002.wlk","timeElapsed":449,"timestamp":"2025-12-12T21:07:56.150Z"}
{"level":"info","message":"⌛ Building environment","timeElapsed":301,"timestamp":"2025-12-12T21:07:56.454Z"}
{"level":"info","message":"⌛ Validating ext002.wlk","timeElapsed":474,"timestamp":"2025-12-12T21:07:56.929Z"}
{"level":"info","message":"⌛ Building environment","timeElapsed":653,"timestamp":"2025-12-12T21:07:57.583Z"}
{"level":"info","message":"⌛ Autocomplete - Method","timeElapsed":178,"timestamp":"2025-12-12T21:07:57.778Z"}
{"level":"info","message":"⌛ Validating ext002.wlk","timeElapsed":508,"timestamp":"2025-12-12T21:07:58.301Z"}
{"level":"info","message":"⌛ Building environment","timeElapsed":282,"timestamp":"2025-12-12T21:07:58.586Z"}
{"level":"info","message":"⌛ Validating ext002.wlk","timeElapsed":482,"timestamp":"2025-12-12T21:07:59.070Z"}
{"level":"info","message":"⌛ Building environment","timeElapsed":248,"timestamp":"2025-12-12T21:07:59.319Z"}
{"level":"info","message":"⌛ Building environment","timeElapsed":251,"timestamp":"2025-12-12T21:07:59.610Z"}
{"level":"info","message":"⌛ Validating ext002.wlk","timeElapsed":445,"timestamp":"2025-12-12T21:08:00.144Z"}
{"level":"info","message":"⌛ Building environment","timeElapsed":269,"timestamp":"2025-12-12T21:08:00.414Z"}
{"level":"info","message":"⌛ Building environment","timeElapsed":318,"timestamp":"2025-12-12T21:08:00.733Z"}
{"level":"info","message":"⌛ Validating ext002.wlk","timeElapsed":493,"timestamp":"2025-12-12T21:08:01.227Z"}
{"level":"info","message":"⌛ Validating ext002.wlk","timeElapsed":436,"timestamp":"2025-12-12T21:08:01.687Z"}
{"level":"info","message":"⌛ Validating ext002.wlk","timeElapsed":424,"timestamp":"2025-12-12T21:08:02.125Z"}
{"level":"info","message":"⌛ Validating ext002.wlk","timeElapsed":471,"timestamp":"2025-12-12T21:08:02.597Z"}
{"level":"info","message":"⌛ Validating ext002.wlk","timeElapsed":567,"timestamp":"2025-12-12T21:08:03.166Z"}
{"level":"info","message":"⌛ Validating ext002.wlk","timeElapsed":2775,"timestamp":"2025-12-12T21:08:05.962Z"}
{"level":"info","message":"⌛ Building environment","timeElapsed":2601,"timestamp":"2025-12-12T21:08:08.563Z"}
{"level":"info","message":"⌛ Building environment","timeElapsed":331,"timestamp":"2025-12-12T21:08:08.969Z"}
{"level":"info","message":"⌛ Building environment","timeElapsed":265,"timestamp":"2025-12-12T21:08:09.235Z"}
{"level":"info","message":"⌛ Building environment","timeElapsed":379,"timestamp":"2025-12-12T21:08:09.686Z"}
{"level":"info","message":"⌛ Building environment","timeElapsed":246,"timestamp":"2025-12-12T21:08:10.006Z"}
{"level":"info","message":"⌛ Building environment","timeElapsed":283,"timestamp":"2025-12-12T21:08:10.359Z"}
{"level":"info","message":"⌛ Building environment","timeElapsed":279,"timestamp":"2025-12-12T21:08:10.718Z"}
{"level":"info","message":"⌛ Building environment","timeElapsed":259,"timestamp":"2025-12-12T21:08:11.048Z"}
{"level":"info","message":"⌛ Building environment","timeElapsed":280,"timestamp":"2025-12-12T21:08:11.409Z"}
{"level":"info","message":"⌛ Building environment","timeElapsed":327,"timestamp":"2025-12-12T21:08:11.875Z"}
{"level":"info","message":"⌛ Validating ext002.wlk","timeElapsed":531,"timestamp":"2025-12-12T21:08:12.475Z"}
{"level":"info","message":"⌛ Building environment","timeElapsed":274,"timestamp":"2025-12-12T21:08:12.750Z"}
{"level":"info","message":"⌛ Building environment","timeElapsed":331,"timestamp":"2025-12-12T21:08:13.083Z"}
{"level":"info","message":"⌛ Building environment","timeElapsed":332,"timestamp":"2025-12-12T21:08:13.419Z"}
{"level":"info","message":"⌛ Building environment","timeElapsed":348,"timestamp":"2025-12-12T21:08:13.769Z"}
{"level":"info","message":"⌛ Validating ext002.wlk","timeElapsed":3403,"timestamp":"2025-12-12T21:08:17.188Z"}
{"level":"info","message":"⌛ Validating ext002.wlk","timeElapsed":459,"timestamp":"2025-12-12T21:08:17.692Z"}
{"level":"info","message":"⌛ Validating ext002.wlk","timeElapsed":444,"timestamp":"2025-12-12T21:08:18.137Z"}
{"level":"info","message":"⌛ Building environment","timeElapsed":316,"timestamp":"2025-12-12T21:08:18.454Z"}
{"level":"info","message":"⌛ Building environment","timeElapsed":325,"timestamp":"2025-12-12T21:08:18.781Z"}
{"level":"info","message":"⌛ Validating ext002.wlk","timeElapsed":457,"timestamp":"2025-12-12T21:08:19.240Z"}
{"level":"info","message":"⌛ Building environment","timeElapsed":263,"timestamp":"2025-12-12T21:08:19.514Z"}
{"level":"info","message":"⌛ Validating ext002.wlk","timeElapsed":546,"timestamp":"2025-12-12T21:08:20.061Z"}
{"level":"info","message":"⌛ Building environment","timeElapsed":338,"timestamp":"2025-12-12T21:08:20.436Z"}
{"level":"info","message":"⌛ Validating ext002.wlk","timeElapsed":420,"timestamp":"2025-12-12T21:08:20.857Z"}
{"level":"info","message":"⌛ Building environment","timeElapsed":188,"timestamp":"2025-12-12T21:08:21.055Z"}
{"level":"info","message":"⌛ Validating ext002.wlk","timeElapsed":502,"timestamp":"2025-12-12T21:08:21.607Z"}
{"level":"info","message":"⌛ Building environment","timeElapsed":196,"timestamp":"2025-12-12T21:08:21.833Z"}
{"level":"info","message":"⌛ Validating ext002.wlk","timeElapsed":383,"timestamp":"2025-12-12T21:08:22.217Z"}
{"level":"info","message":"⌛ Validating ext002.wlk","timeElapsed":362,"timestamp":"2025-12-12T21:08:22.589Z"}
{"level":"info","message":"⌛ Building environment","timeElapsed":192,"timestamp":"2025-12-12T21:08:22.782Z"}
{"level":"info","message":"⌛ Building environment","timeElapsed":232,"timestamp":"2025-12-12T21:08:23.055Z"}
{"level":"info","message":"⌛ Validating ext002.wlk","timeElapsed":371,"timestamp":"2025-12-12T21:08:23.504Z"}
{"level":"info","message":"⌛ Validating ext002.wlk","timeElapsed":347,"timestamp":"2025-12-12T21:08:23.851Z"}
{"level":"info","message":"⌛ Validating ext002.wlk","timeElapsed":367,"timestamp":"2025-12-12T21:08:24.219Z"}
{"level":"info","message":"⌛ Building environment","timeElapsed":301,"timestamp":"2025-12-12T21:08:24.606Z"}
{"level":"info","message":"⌛ Building environment","timeElapsed":392,"timestamp":"2025-12-12T21:08:25.136Z"}
{"level":"info","message":"⌛ Building environment","timeElapsed":263,"timestamp":"2025-12-12T21:08:25.401Z"}
{"level":"info","message":"⌛ Building environment","timeElapsed":269,"timestamp":"2025-12-12T21:08:25.739Z"}
{"level":"info","message":"⌛ Building environment","timeElapsed":252,"timestamp":"2025-12-12T21:08:26.064Z"}
{"level":"error","message":"✘ Failed to rebuild document Failed to parse ext002.wlk: \n-- PARSING FAILED --------------------------------------------------\n\n  62 | \n  63 |     method\n> 64 | }\n     | ^\n  65 | \n  66 | class Guerrero inherits Personaje {\n\nExpected one of the following: \n\n'!=', '!==', '%', '&&', '*', '**', '+', '-', '->', '..', '..<', '/', '<', '<<', '<<<', '<=', '<=>', '<>', '==', '===', '>', '>..', '>=', '>>', '>>>', '?:', 'and', 'invert', 'negate', 'or', 'plus', '||', identifier, whitespace\n","stack":"Error: Failed to parse ext002.wlk: \n-- PARSING FAILED --------------------------------------------------\n\n  62 | \n  63 |     method\n> 64 | }\n     | ^\n  65 | \n  66 | class Guerrero inherits Personaje {\n\nExpected one of the following: \n\n'!=', '!==', '%', '&&', '*', '**', '+', '-', '->', '..', '..<', '/', '<', '<<', '<<<', '<=', '<=>', '<>', '==', '===', '>', '>..', '>=', '>>', '>>>', '?:', 'and', 'invert', 'negate', 'or', 'plus', '||', identifier, whitespace\n\n    at /home/lucasggp/.vscode/extensions/uqbar.wollok-lsp-ide-0.5.3/out/server/src/server.js:2348:13026\n    at Array.map (<anonymous>)\n    at W1n (/home/lucasggp/.vscode/extensions/uqbar.wollok-lsp-ide-0.5.3/out/server/src/server.js:2348:12950)\n    at U2.buildEnvironmentFrom (/home/lucasggp/.vscode/extensions/uqbar.wollok-lsp-ide-0.5.3/out/server/src/server.js:2393:5254)\n    at U2.updateEnvironmentWith (/home/lucasggp/.vscode/extensions/uqbar.wollok-lsp-ide-0.5.3/out/server/src/server.js:2393:4989)\n    at JF (/home/lucasggp/.vscode/extensions/uqbar.wollok-lsp-ide-0.5.3/out/server/src/server.js:2393:7383)\n    at F3.invoke (/home/lucasggp/.vscode/extensions/uqbar.wollok-lsp-ide-0.5.3/out/server/src/server.js:3:157334)\n    at o.fire (/home/lucasggp/.vscode/extensions/uqbar.wollok-lsp-ide-0.5.3/out/server/src/server.js:3:158104)\n    at /home/lucasggp/.vscode/extensions/uqbar.wollok-lsp-ide-0.5.3/out/server/src/server.js:37:57871\n    at Zr (/home/lucasggp/.vscode/extensions/uqbar.wollok-lsp-ide-0.5.3/out/server/src/server.js:8:1561)","timestamp":"2025-12-12T21:08:26.190Z"}
{"level":"error","message":"✘ Failed to rebuild document Failed to parse ext002.wlk: \n-- PARSING FAILED --------------------------------------------------\n\n  62 | \n  63 |     method \n> 64 | }\n     | ^\n  65 | \n  66 | class Guerrero inherits Personaje {\n\nExpected one of the following: \n\n'!=', '!==', '%', '&&', '*', '**', '+', '-', '->', '..', '..<', '/', '<', '<<', '<<<', '<=', '<=>', '<>', '==', '===', '>', '>..', '>=', '>>', '>>>', '?:', 'and', 'invert', 'negate', 'or', 'plus', '||', identifier, whitespace\n","stack":"Error: Failed to parse ext002.wlk: \n-- PARSING FAILED --------------------------------------------------\n\n  62 | \n  63 |     method \n> 64 | }\n     | ^\n  65 | \n  66 | class Guerrero inherits Personaje {\n\nExpected one of the following: \n\n'!=', '!==', '%', '&&', '*', '**', '+', '-', '->', '..', '..<', '/', '<', '<<', '<<<', '<=', '<=>', '<>', '==', '===', '>', '>..', '>=', '>>', '>>>', '?:', 'and', 'invert', 'negate', 'or', 'plus', '||', identifier, whitespace\n\n    at /home/lucasggp/.vscode/extensions/uqbar.wollok-lsp-ide-0.5.3/out/server/src/server.js:2348:13026\n    at Array.map (<anonymous>)\n    at W1n (/home/lucasggp/.vscode/extensions/uqbar.wollok-lsp-ide-0.5.3/out/server/src/server.js:2348:12950)\n    at U2.buildEnvironmentFrom (/home/lucasggp/.vscode/extensions/uqbar.wollok-lsp-ide-0.5.3/out/server/src/server.js:2393:5254)\n    at U2.updateEnvironmentWith (/home/lucasggp/.vscode/extensions/uqbar.wollok-lsp-ide-0.5.3/out/server/src/server.js:2393:4989)\n    at JF (/home/lucasggp/.vscode/extensions/uqbar.wollok-lsp-ide-0.5.3/out/server/src/server.js:2393:7383)\n    at F3.invoke (/home/lucasggp/.vscode/extensions/uqbar.wollok-lsp-ide-0.5.3/out/server/src/server.js:3:157334)\n    at o.fire (/home/lucasggp/.vscode/extensions/uqbar.wollok-lsp-ide-0.5.3/out/server/src/server.js:3:158104)\n    at /home/lucasggp/.vscode/extensions/uqbar.wollok-lsp-ide-0.5.3/out/server/src/server.js:37:57871\n    at Zr (/home/lucasggp/.vscode/extensions/uqbar.wollok-lsp-ide-0.5.3/out/server/src/server.js:8:1561)","timestamp":"2025-12-12T21:08:26.222Z"}
{"level":"info","message":"⌛ Validating ext002.wlk","timeElapsed":509,"timestamp":"2025-12-12T21:08:26.731Z"}
{"level":"info","message":"⌛ Building environment","timeElapsed":253,"timestamp":"2025-12-12T21:08:26.986Z"}
{"level":"info","message":"⌛ Building environment","timeElapsed":238,"timestamp":"2025-12-12T21:08:27.225Z"}
{"level":"info","message":"⌛ Building environment","timeElapsed":333,"timestamp":"2025-12-12T21:08:27.560Z"}
{"level":"info","message":"⌛ Building environment","timeElapsed":333,"timestamp":"2025-12-12T21:08:27.898Z"}
{"level":"info","message":"⌛ Validating ext002.wlk","timeElapsed":540,"timestamp":"2025-12-12T21:08:28.442Z"}
{"level":"info","message":"⌛ Building environment","timeElapsed":226,"timestamp":"2025-12-12T21:08:28.682Z"}
{"level":"info","message":"⌛ Building environment","timeElapsed":225,"timestamp":"2025-12-12T21:08:28.908Z"}
{"level":"info","message":"⌛ Building environment","timeElapsed":362,"timestamp":"2025-12-12T21:08:29.338Z"}
{"level":"info","message":"⌛ Building environment","timeElapsed":259,"timestamp":"2025-12-12T21:08:29.678Z"}
{"level":"info","message":"⌛ Building environment","timeElapsed":209,"timestamp":"2025-12-12T21:08:29.957Z"}
{"level":"info","message":"⌛ Building environment","timeElapsed":250,"timestamp":"2025-12-12T21:08:30.278Z"}
